<?xml version="1.0" encoding="UTF-8"?>
<!-- Generated by org.testng.reporters.JUnitXMLReporter -->
<testsuite hostname="DESKTOP-K9EHMR9" ignored="0" name="Default test" tests="3" failures="0" timestamp="2021-01-22T16:28:57 IST" time="559.547" errors="0">
  <testcase name="TC_VehivleComplaintNotResolved" time="113.265" classname="TestCases.SC_08_VehicleComplaintLoggedIn"/>
  <testcase name="getEmail" time="373.212" classname="TestCases.SC_08_VehicleComplaintLoggedIn"/>
  <testcase name="TC_02_VehicleComplaint" time="37.904" classname="TestCases.SC_08_VehicleComplaintLoggedIn"/>
</testsuite> <!-- Default test -->
